2023/11/19 16:49:45 {"callers":["/Users/fr.he/GolandProjects/configuration-management/main.go: 50 main.init.0"],"card":{"id":"f1f678089e5b4eb3afe252b07de1c8f9","app_id":"95b4a888381b4f5c9ce7b0177e5a2fa6","status":1,"user_id":"3522aa7396dc408ab28ccf06c987b009","user_name":"admin","days":2,"minutes":2,"expired_at":null,"time_type":"daily","value":"cs-CPZCA1J6PIR9L4QB","used":false,"seid":"","used_at":null,"locked_at":null,"remark":"测试批量创建","created_at":"2023-11-13T22:47:58+08:00"},"level":"error","message":"激活码未激活","time":1700383785260131000}
2023/11/19 16:53:34 {"callers":["/Users/fr.he/GolandProjects/configuration-management/main.go: 50 main.init.0"],"card":{"id":"f1f678089e5b4eb3afe252b07de1c8f9","app_id":"95b4a888381b4f5c9ce7b0177e5a2fa6","status":1,"user_id":"3522aa7396dc408ab28ccf06c987b009","user_name":"admin","days":2,"minutes":2,"expired_at":null,"time_type":"daily","value":"cs-CPZCA1J6PIR9L4QB","used":false,"seid":"","used_at":null,"locked_at":null,"remark":"测试批量创建","created_at":"2023-11-13T22:47:58+08:00"},"level":"error","message":"激活码未激活","time":1700384014352274000}
2023/11/19 16:54:42 {"callers":["/Users/fr.he/GolandProjects/configuration-management/main.go: 50 main.init.0"],"card":{"id":"f1f678089e5b4eb3afe252b07de1c8f9","app_id":"95b4a888381b4f5c9ce7b0177e5a2fa6","status":1,"user_id":"3522aa7396dc408ab28ccf06c987b009","user_name":"admin","days":2,"minutes":2,"expired_at":null,"time_type":"daily","value":"cs-CPZCA1J6PIR9L4QB","used":false,"seid":"","used_at":null,"locked_at":null,"remark":"测试批量创建","created_at":"2023-11-13T22:47:58+08:00"},"level":"error","message":"激活码未激活","time":1700384082410484000}
2023/11/19 16:55:58 {"callers":["/Users/fr.he/GolandProjects/configuration-management/main.go: 50 main.init.0"],"card":{"id":"f1f678089e5b4eb3afe252b07de1c8f9","app_id":"95b4a888381b4f5c9ce7b0177e5a2fa6","status":1,"user_id":"3522aa7396dc408ab28ccf06c987b009","user_name":"admin","days":2,"minutes":2,"expired_at":null,"time_type":"daily","value":"cs-CPZCA1J6PIR9L4QB","used":false,"seid":"","used_at":null,"locked_at":null,"remark":"测试批量创建","created_at":"2023-11-13T22:47:58+08:00"},"level":"error","message":"激活码未激活","time":1700384158104960000}
2023/11/19 16:57:24 {"callers":["/Users/fr.he/GolandProjects/configuration-management/main.go: 50 main.init.0"],"card":{"id":"f1f678089e5b4eb3afe252b07de1c8f9","app_id":"95b4a888381b4f5c9ce7b0177e5a2fa6","status":1,"user_id":"3522aa7396dc408ab28ccf06c987b009","user_name":"admin","days":2,"minutes":2,"expired_at":null,"time_type":"daily","value":"cs-CPZCA1J6PIR9L4QB","used":false,"seid":"","used_at":null,"locked_at":null,"remark":"测试批量创建","created_at":"2023-11-13T22:47:58+08:00"},"level":"error","message":"激活码未激活","time":1700384244589325000}
2023/11/19 16:59:04 {"callers":["/Users/fr.he/GolandProjects/configuration-management/main.go: 50 main.init.0"],"card":{"id":"f1f678089e5b4eb3afe252b07de1c8f9","app_id":"95b4a888381b4f5c9ce7b0177e5a2fa6","status":1,"user_id":"3522aa7396dc408ab28ccf06c987b009","user_name":"admin","days":2,"minutes":2,"expired_at":null,"time_type":"daily","value":"cs-CPZCA1J6PIR9L4QB","used":false,"seid":"","used_at":null,"locked_at":null,"remark":"测试批量创建","created_at":"2023-11-13T22:47:58+08:00"},"level":"error","message":"激活码未激活","time":1700384344116282000}
2023/11/19 17:00:50 {"callers":["/Users/fr.he/GolandProjects/configuration-management/main.go: 50 main.init.0"],"card":{"id":"f1f678089e5b4eb3afe252b07de1c8f9","app_id":"95b4a888381b4f5c9ce7b0177e5a2fa6","status":1,"user_id":"3522aa7396dc408ab28ccf06c987b009","user_name":"admin","days":2,"minutes":2,"expired_at":null,"time_type":"daily","value":"cs-CPZCA1J6PIR9L4QB","used":false,"seid":"","used_at":null,"locked_at":null,"remark":"测试批量创建","created_at":"2023-11-13T22:47:58+08:00"},"level":"error","message":"激活码未激活","time":1700384450440348000}
2023/11/19 18:28:58 {"args":{"value":"cs-CPZCA1J6PIR9L4QB","seid":"test_seid_1"},"callers":["/Users/fr.he/GolandProjects/configuration-management/main.go: 50 main.init.0"],"level":"error","message":"激活码已使用","time":1700389738780335000}
2023/11/19 18:30:11 {"args":{"value":"cs-CPZCA1J6PIR9L4QB","seid":"test_seid_1"},"callers":["/Users/fr.he/GolandProjects/configuration-management/main.go: 50 main.init.0"],"level":"error","message":"激活码已使用","time":1700389811558892000}
2023/11/19 18:31:53 {"args":{"value":"cs-CPZCA1J6PIR9L4QB","seid":"test_seid_1"},"callers":["/Users/fr.he/GolandProjects/configuration-management/main.go: 50 main.init.0"],"level":"error","message":"激活码已使用","time":1700389913526029000}
2023/11/19 21:10:28 {"args":{"value":"cs-CPZCA1J6PIR9L4QB","seid":"test_seid_1"},"callers":["/Users/fr.he/GolandProjects/configuration-management/main.go: 50 main.init.0"],"level":"error","message":"激活码被重复激活","time":1700399428928403000}
2023/11/19 21:10:33 {"args":{"value":"cs-CPZCA1J6PIR9L4QB","seid":"test_seid_1"},"callers":["/Users/fr.he/GolandProjects/configuration-management/main.go: 50 main.init.0"],"level":"error","message":"激活码被重复激活","time":1700399433024838000}
2023/11/19 21:11:21 {"args":{"value":"cs-CPZCA1J6PIR9L4QB","seid":"test_seid_1"},"callers":["/Users/fr.he/GolandProjects/configuration-management/main.go: 50 main.init.0"],"level":"error","message":"激活码被重复激活","time":1700399481710159000}
2023/11/19 21:11:30 {"args":{"value":"cs-CPZCA1J6PIR9L4QB","seid":"test_seid_1"},"callers":["/Users/fr.he/GolandProjects/configuration-management/main.go: 50 main.init.0"],"level":"error","message":"激活码被重复激活","time":1700399490281185000}
2023/11/19 21:12:49 {"args":{"value":"cs-CPZCA1J6PIR9L4QB","seid":"test_seid_1"},"callers":["/Users/fr.he/GolandProjects/configuration-management/main.go: 50 main.init.0"],"level":"error","message":"激活码被重复激活","time":1700399569436939000}
2023/11/19 21:13:07 {"args":{"value":"cs-CPZCA1J6PIR9L4QB","seid":"test_seid_1"},"callers":["/Users/fr.he/GolandProjects/configuration-management/main.go: 50 main.init.0"],"level":"error","message":"激活码被重复激活","time":1700399587967323000}
2023/11/19 21:14:19 {"args":{"value":"cs-CPZCA1J6PIR9L4QB","seid":"test_seid_1"},"callers":["/Users/fr.he/GolandProjects/configuration-management/main.go: 50 main.init.0"],"level":"error","message":"激活码被重复激活","time":1700399659979403000}
2023/11/19 21:20:21 {"args":{"value":"cs-CPZCA1J6PIR9L4QB","seid":"test_seid_1"},"callers":["/Users/fr.he/GolandProjects/configuration-management/main.go: 50 main.init.0"],"level":"error","message":"激活码被重复激活","time":1700400021224200000}
2023/11/19 21:22:04 {"args":{"value":"cs-CPZCA1J6PIR9L4QB","seid":"test_seid_1"},"callers":["/Users/fr.he/GolandProjects/configuration-management/main.go: 50 main.init.0"],"level":"error","message":"激活码被重复激活","time":1700400124762635000}
2023/11/19 21:28:44 {"args":{"value":"cs-CPZCA1J6PIR9L4QB","seid":"test_seid_1"},"callers":["/Users/fr.he/GolandProjects/configuration-management/main.go: 50 main.init.0"],"level":"error","message":"激活码被重复激活","time":1700400524451617000}
2023/11/19 21:29:26 {"args":{"value":"cs-CPZCA1J6PIR9L4QB","seid":"test_seid_1"},"callers":["/Users/fr.he/GolandProjects/configuration-management/main.go: 50 main.init.0"],"level":"error","message":"激活码被重复激活","time":1700400566108733000}
2023/11/19 21:29:30 {"args":{"value":"cs-CPZCA1J6PIR9L4QB","seid":"test_seid_1"},"callers":["/Users/fr.he/GolandProjects/configuration-management/main.go: 50 main.init.0"],"level":"error","message":"激活码被重复激活","time":1700400570870075000}
2023/11/19 21:29:55 {"args":{"value":"cs-CPZCA1J6PIR9L4QB","seid":"test_seid_1"},"callers":["/Users/fr.he/GolandProjects/configuration-management/main.go: 50 main.init.0"],"level":"error","message":"激活码被重复激活","time":1700400595461032000}
2023/11/19 21:30:05 {"args":{"value":"cs-CPZCA1J6PIR9L4QB","seid":"test_seid_1"},"callers":["/Users/fr.he/GolandProjects/configuration-management/main.go: 50 main.init.0"],"level":"error","message":"激活码被重复激活","time":1700400605276442000}
2023/11/19 21:41:04 {"args":{"value":"cs-CPZCA1J6PIR9L4QB","seid":"test_seid_1"},"callers":["/Users/fr.he/GolandProjects/configuration-management/main.go: 50 main.init.0"],"level":"error","message":"激活码被重复激活","time":1700401264459268000}
2023/11/19 21:41:30 {"args":{"value":"cs-CPZCA1J6PIR9L4QB","seid":"test_seid_1"},"callers":["/Users/fr.he/GolandProjects/configuration-management/main.go: 50 main.init.0"],"level":"error","message":"激活码被重复激活","time":1700401290701474000}
2023/11/19 21:41:56 {"args":{"value":"cs-CPZCA1J6PIR9L4QB","seid":"test_seid_1"},"callers":["/Users/fr.he/GolandProjects/configuration-management/main.go: 50 main.init.0"],"level":"error","message":"激活码被重复激活","time":1700401316562464000}
2023/11/19 21:41:59 {"args":{"value":"cs-CPZCA1J6PIR9L4QB","seid":"test_seid_1"},"callers":["/Users/fr.he/GolandProjects/configuration-management/main.go: 50 main.init.0"],"level":"error","message":"激活码被重复激活","time":1700401319664459000}
2023/11/19 21:42:02 {"args":{"value":"cs-CPZCA1J6PIR9L4QB","seid":"test_seid_1"},"callers":["/Users/fr.he/GolandProjects/configuration-management/main.go: 50 main.init.0"],"level":"error","message":"激活码被重复激活","time":1700401322727940000}
2023/11/19 21:54:10 {"args":{"value":"cs-CPZCA1J6PIR9L4QB","seid":"test_seid_1"},"callers":["/Users/fr.he/GolandProjects/configuration-management/main.go: 50 main.init.0"],"level":"error","message":"激活码被重复激活","time":1700402050716529000}
2023/11/19 21:55:29 {"args":{"value":"cs-CPZCA1J6PIR9L4QB","seid":"test_seid_1"},"callers":["/Users/fr.he/GolandProjects/configuration-management/main.go: 50 main.init.0"],"level":"error","message":"激活码被重复激活","time":1700402129346643000}
2023/11/19 22:13:43 {"args":{"value":"cs-CPZCA1J6PIR9L4QB","seid":"test_seid_1"},"callers":["/Users/fr.he/GolandProjects/configuration-management/main.go: 50 main.init.0"],"level":"error","message":"激活码被重复激活","time":1700403223828210000}
2023/11/19 22:21:35 {"args":{"value":"cs-CPZCA1J6PIR9L4QB","seid":"test_seid_1"},"callers":["/Users/fr.he/GolandProjects/configuration-management/main.go: 50 main.init.0"],"level":"error","message":"激活码被重复激活","time":1700403695859037000}
2023/11/19 22:27:05 {"args":{"value":"cs-CPZCA1J6PIR9L4QB","seid":"test_seid_1"},"callers":["/Users/fr.he/GolandProjects/configuration-management/main.go: 50 main.init.0"],"level":"error","message":"激活码被重复激活","time":1700404025263724000}
2023/11/20 20:25:29 {"callers":["/Users/fr.he/GolandProjects/configuration-management/main.go: 50 main.init.0"],"level":"error","message":"时间类型和时间不匹配","req":{"id":"20fe80b74c72458ead8c41541fea7366","status":1,"app_id":"9712a6be794f404b99c9665235fb4d2b","seid":"","time_type":"hourly","minutes":180,"days":0,"remark":"测试创建"},"time":1700483129165361000,"user":{"userId":"3522aa7396dc408ab28ccf06c987b009","username":"admin","maxCnt":999999,"roles":["admin","root"]}}
2023/11/20 20:26:08 {"callers":["/Users/fr.he/GolandProjects/configuration-management/main.go: 50 main.init.0"],"level":"error","message":"时间类型和时间不匹配","req":{"id":"20fe80b74c72458ead8c41541fea7366","status":1,"app_id":"9712a6be794f404b99c9665235fb4d2b","seid":"","time_type":"hourly","minutes":180,"days":0,"remark":"测试创建"},"time":1700483168982311000,"user":{"userId":"3522aa7396dc408ab28ccf06c987b009","username":"admin","maxCnt":999999,"roles":["admin","root"]}}
2023/11/20 22:55:49 {"callers":["/Users/fr.he/GolandProjects/configuration-management/main.go: 50 main.init.0"],"error:":{},"level":"error","message":"查询时记录不存在","time":1700492149540097000,"username":"test"}
2023/11/20 22:55:50 {"callers":["/Users/fr.he/GolandProjects/configuration-management/main.go: 50 main.init.0"],"level":"error","message":"创建时记录失败Error 1241 (21000): Operand should contain 1 column(s)","time":1700492150799371000,"user_id":"46004731d14c410ab7dd5369fb0548e2"}
2023/11/20 22:55:50 {"callers":["/Users/fr.he/GolandProjects/configuration-management/main.go: 50 main.init.0"],"level":"error","message":"create user failedError 1241 (21000): Operand should contain 1 column(s)","req":{"username":"test","password":"123456","max_cnt":5,"permissions":["QUERY","CREATE","UPDATE"],"apps":["6f9ed54c324a429582e5c1b2fdc0ab1a"],"introduction":"测试"},"time":1700492150799663000,"userId":"3522aa7396dc408ab28ccf06c987b009"}
2023/11/20 22:59:57 {"callers":["/Users/fr.he/GolandProjects/configuration-management/main.go: 50 main.init.0"],"error:":{},"level":"error","message":"查询时记录不存在","time":1700492397120787000,"username":"test"}
2023/11/20 22:59:58 {"callers":["/Users/fr.he/GolandProjects/configuration-management/main.go: 50 main.init.0"],"level":"error","message":"创建时记录失败Error 1241 (21000): Operand should contain 1 column(s)","time":1700492398301794000,"user_id":"989534f2bf1a43dd91ff431be0a428cc"}
2023/11/20 22:59:58 {"callers":["/Users/fr.he/GolandProjects/configuration-management/main.go: 50 main.init.0"],"level":"error","message":"create user failedError 1241 (21000): Operand should contain 1 column(s)","req":{"username":"test","password":"123456","max_cnt":5,"permissions":["QUERY","CREATE","UPDATE"],"apps":["6f9ed54c324a429582e5c1b2fdc0ab1a"],"introduction":"测试"},"time":1700492398301998000,"userId":"3522aa7396dc408ab28ccf06c987b009"}
2023/11/20 23:01:20 {"callers":["/Users/fr.he/GolandProjects/configuration-management/main.go: 50 main.init.0"],"error:":{},"level":"error","message":"查询时记录不存在","time":1700492480014510000,"username":"test"}
2023/11/20 23:02:29 {"callers":["/Users/fr.he/GolandProjects/configuration-management/main.go: 50 main.init.0"],"level":"error","message":"创建时记录失败Error 1241 (21000): Operand should contain 1 column(s)","time":1700492549390501000,"user_id":"588d3eb094c941f49345a9cee12a1763"}
2023/11/20 23:02:29 {"callers":["/Users/fr.he/GolandProjects/configuration-management/main.go: 50 main.init.0"],"level":"error","message":"create user failedError 1241 (21000): Operand should contain 1 column(s)","req":{"username":"test","password":"123456","max_cnt":5,"permissions":["QUERY","CREATE","UPDATE"],"apps":["6f9ed54c324a429582e5c1b2fdc0ab1a"],"introduction":"测试"},"time":1700492549392298000,"userId":"3522aa7396dc408ab28ccf06c987b009"}
2023/11/20 23:02:31 {"callers":["/Users/fr.he/GolandProjects/configuration-management/main.go: 50 main.init.0"],"error:":{},"level":"error","message":"查询时记录不存在","time":1700492551874434000,"username":"test"}
2023/11/20 23:04:44 {"callers":["/Users/fr.he/GolandProjects/configuration-management/main.go: 50 main.init.0"],"error:":{},"level":"error","message":"查询时记录不存在","time":1700492684580985000,"username":"test"}
2023/11/20 23:04:49 {"callers":["/Users/fr.he/GolandProjects/configuration-management/main.go: 50 main.init.0"],"level":"error","message":"创建时记录失败Error 1241 (21000): Operand should contain 1 column(s)","time":1700492689586779000,"user_id":"73672e04d3d44be78e4156525e13de59"}
2023/11/20 23:04:49 {"callers":["/Users/fr.he/GolandProjects/configuration-management/main.go: 50 main.init.0"],"level":"error","message":"create user failedError 1241 (21000): Operand should contain 1 column(s)","req":{"username":"test","password":"123456","max_cnt":5,"permissions":["QUERY","CREATE","UPDATE"],"apps":["6f9ed54c324a429582e5c1b2fdc0ab1a"],"introduction":"测试"},"time":1700492689586969000,"userId":"3522aa7396dc408ab28ccf06c987b009"}
2023/11/20 23:06:01 {"callers":["/Users/fr.he/GolandProjects/configuration-management/main.go: 50 main.init.0"],"error:":{},"level":"error","message":"查询时记录不存在","time":1700492761891320000,"username":"test"}
2023/11/20 23:06:03 {"callers":["/Users/fr.he/GolandProjects/configuration-management/main.go: 50 main.init.0"],"level":"error","message":"创建时记录失败Error 1241 (21000): Operand should contain 1 column(s)","time":1700492763222437000,"user_id":"9f38fa9a3e794f008e5d836d1e906bd6"}
2023/11/20 23:06:26 {"callers":["/Users/fr.he/GolandProjects/configuration-management/main.go: 50 main.init.0"],"level":"error","message":"create user failedError 1241 (21000): Operand should contain 1 column(s)","req":{"username":"test","password":"123456","max_cnt":5,"permissions":["QUERY","CREATE","UPDATE"],"apps":["6f9ed54c324a429582e5c1b2fdc0ab1a"],"introduction":"测试"},"time":1700492786156014000,"userId":"3522aa7396dc408ab28ccf06c987b009"}
2023/11/20 23:06:36 {"callers":["/Users/fr.he/GolandProjects/configuration-management/main.go: 50 main.init.0"],"error:":{},"level":"error","message":"查询时记录不存在","time":1700492796297606000,"username":"test"}
2023/11/20 23:06:37 {"callers":["/Users/fr.he/GolandProjects/configuration-management/main.go: 50 main.init.0"],"level":"error","message":"创建时记录失败Error 1241 (21000): Operand should contain 1 column(s)","time":1700492797520067000,"user_id":"435db0bc12664998945024bf1b5149f8"}
2023/11/20 23:06:46 {"callers":["/Users/fr.he/GolandProjects/configuration-management/main.go: 50 main.init.0"],"level":"error","message":"create user failedError 1241 (21000): Operand should contain 1 column(s)","req":{"username":"test","password":"123456","max_cnt":5,"permissions":["QUERY","CREATE","UPDATE"],"apps":["6f9ed54c324a429582e5c1b2fdc0ab1a"],"introduction":"测试"},"time":1700492806506768000,"userId":"3522aa7396dc408ab28ccf06c987b009"}
2023/11/20 23:10:42 {"callers":["/Users/fr.he/GolandProjects/configuration-management/main.go: 50 main.init.0"],"error:":{},"level":"error","message":"查询时记录不存在","time":1700493042816985000,"username":"test"}
2023/11/20 23:10:43 {"callers":["/Users/fr.he/GolandProjects/configuration-management/main.go: 50 main.init.0"],"level":"error","message":"创建时记录失败Error 1241 (21000): Operand should contain 1 column(s)","time":1700493043836519000,"user_id":"c2d353300c7241cc9ca5bed8c07d6dd9"}
2023/11/20 23:10:46 {"callers":["/Users/fr.he/GolandProjects/configuration-management/main.go: 50 main.init.0"],"level":"error","message":"create user failedError 1241 (21000): Operand should contain 1 column(s)","req":{"username":"test","password":"123456","max_cnt":5,"permissions":["QUERY","CREATE","UPDATE"],"apps":["6f9ed54c324a429582e5c1b2fdc0ab1a"],"introduction":"测试"},"time":1700493046227766000,"userId":"3522aa7396dc408ab28ccf06c987b009"}
2023/11/21 00:31:58 {"callers":["/Users/fr.he/GolandProjects/configuration-management/main.go: 50 main.init.0"],"error:":{},"id":"3522aa7396dc408ab28ccf06c987b009","level":"error","message":"查询时记录转换失败","time":1700497918755919000}
2023/11/21 00:32:02 {"callers":["/Users/fr.he/GolandProjects/configuration-management/main.go: 50 main.init.0"],"level":"error","message":"login failed错误码：10000000, 错误信息：服务内部错误","time":1700497922207576000,"userId":"3522aa7396dc408ab28ccf06c987b009"}
2023/11/21 00:32:06 {"callers":["/Users/fr.he/GolandProjects/configuration-management/main.go: 50 main.init.0"],"error:":{},"level":"error","message":"查询时记录转换失败","time":1700497926959978000,"username":"admin"}
2023/11/21 00:32:06 {"callers":["/Users/fr.he/GolandProjects/configuration-management/main.go: 50 main.init.0"],"level":"error","message":"login failed错误码：10000000, 错误信息：服务内部错误","request":{"username":"admin","password_md5":"e10adc3949ba59abbe56e057f20f883e"},"time":1700497926960135000}
2023/11/21 00:32:51 {"callers":["/Users/fr.he/GolandProjects/configuration-management/main.go: 50 main.init.0"],"error:":{},"level":"error","message":"查询时记录转换失败","time":1700497971350837000,"username":"admin"}
2023/11/21 00:33:08 {"callers":["/Users/fr.he/GolandProjects/configuration-management/main.go: 50 main.init.0"],"level":"error","message":"login failed错误码：10000000, 错误信息：服务内部错误","request":{"username":"admin","password_md5":"e10adc3949ba59abbe56e057f20f883e"},"time":1700497988056988000}
2023/11/21 00:35:26 {"callers":["/Users/fr.he/GolandProjects/configuration-management/main.go: 50 main.init.0"],"error:":{"Offset":0},"level":"error","message":"查询时记录转换失败","time":1700498126446096000,"username":"admin"}
2023/11/21 00:35:29 {"callers":["/Users/fr.he/GolandProjects/configuration-management/main.go: 50 main.init.0"],"level":"error","message":"login failed错误码：10000000, 错误信息：服务内部错误","request":{"username":"admin","password_md5":"e10adc3949ba59abbe56e057f20f883e"},"time":1700498129716515000}
2023/11/21 00:35:59 {"callers":["/Users/fr.he/GolandProjects/configuration-management/main.go: 50 main.init.0"],"error:":{"Offset":0},"level":"error","message":"查询时记录转换失败","time":1700498159014792000,"username":"admin"}
2023/11/21 00:35:59 {"callers":["/Users/fr.he/GolandProjects/configuration-management/main.go: 50 main.init.0"],"level":"error","message":"login failed错误码：10000000, 错误信息：服务内部错误","request":{"username":"admin","password_md5":"e10adc3949ba59abbe56e057f20f883e"},"time":1700498159014948000}
2023/11/21 00:37:00 {"callers":["/Users/fr.he/GolandProjects/configuration-management/main.go: 50 main.init.0"],"error:":{"Offset":0},"level":"error","message":"查询时记录转换失败","time":1700498220186536000,"username":"admin"}
2023/11/21 00:37:00 {"callers":["/Users/fr.he/GolandProjects/configuration-management/main.go: 50 main.init.0"],"level":"error","message":"login failed错误码：10000000, 错误信息：服务内部错误","request":{"username":"admin","password_md5":"e10adc3949ba59abbe56e057f20f883e"},"time":1700498220186632000}
2023/11/21 00:37:24 {"callers":["/Users/fr.he/GolandProjects/configuration-management/main.go: 50 main.init.0"],"error:":{},"level":"error","message":"查询时记录转换失败","time":1700498244584559000,"username":"admin"}
2023/11/21 00:37:24 {"callers":["/Users/fr.he/GolandProjects/configuration-management/main.go: 50 main.init.0"],"level":"error","message":"login failed错误码：10000000, 错误信息：服务内部错误","request":{"username":"admin","password_md5":"e10adc3949ba59abbe56e057f20f883e"},"time":1700498244584927000}
2023/11/21 00:38:47 {"callers":["/Users/fr.he/GolandProjects/configuration-management/main.go: 50 main.init.0"],"error:":{},"level":"error","message":"查询时记录转换失败","time":1700498327674345000,"username":"admin"}
2023/11/21 00:38:47 {"callers":["/Users/fr.he/GolandProjects/configuration-management/main.go: 50 main.init.0"],"level":"error","message":"login failed错误码：10000000, 错误信息：服务内部错误","request":{"username":"admin","password_md5":"e10adc3949ba59abbe56e057f20f883e"},"time":1700498327674470000}
2023/11/21 00:41:05 {"callers":["/Users/fr.he/GolandProjects/configuration-management/main.go: 50 main.init.0"],"error:":{},"level":"error","message":"查询时记录不存在","time":1700498465107279000,"username":"test"}
2023/11/21 00:41:53 {"args":{"creator":"3522aa7396dc408ab28ccf06c987b009","username":"test","password":"123456","max_cnt":5,"apps":["6f9ed54c324a429582e5c1b2fdc0ab1a"],"permissions":["QUERY","CREATE","UPDATE"],"introduction":"111111"},"callers":["/Users/fr.he/GolandProjects/configuration-management/main.go: 50 main.init.0"],"level":"info","message":"[CreateUser] 用户已经存在","time":1700498513060953000}
2023/11/21 00:41:53 {"callers":["/Users/fr.he/GolandProjects/configuration-management/main.go: 50 main.init.0"],"level":"error","message":"create user failed错误码：10000008, 错误信息：数据已存在","req":{"username":"test","password":"123456","max_cnt":5,"permissions":["QUERY","CREATE","UPDATE"],"apps":["6f9ed54c324a429582e5c1b2fdc0ab1a"],"introduction":"111111"},"time":1700498513062155000,"userId":"3522aa7396dc408ab28ccf06c987b009"}
2023/11/21 00:42:54 {"args":{"creator":"3522aa7396dc408ab28ccf06c987b009","username":"test","password":"123456","max_cnt":5,"apps":["6f9ed54c324a429582e5c1b2fdc0ab1a"],"permissions":["QUERY","CREATE","UPDATE"],"introduction":"111111"},"callers":["/Users/fr.he/GolandProjects/configuration-management/main.go: 50 main.init.0"],"level":"info","message":"[CreateUser] 用户已经存在","time":1700498574633013000}
2023/11/21 00:42:54 {"callers":["/Users/fr.he/GolandProjects/configuration-management/main.go: 50 main.init.0"],"level":"error","message":"create user failed错误码：10000008, 错误信息：数据已存在","req":{"username":"test","password":"123456","max_cnt":5,"permissions":["QUERY","CREATE","UPDATE"],"apps":["6f9ed54c324a429582e5c1b2fdc0ab1a"],"introduction":"111111"},"time":1700498574634463000,"userId":"3522aa7396dc408ab28ccf06c987b009"}
2023/11/21 00:43:06 {"args":{"creator":"3522aa7396dc408ab28ccf06c987b009","username":"test","password":"123456","max_cnt":5,"apps":["6f9ed54c324a429582e5c1b2fdc0ab1a"],"permissions":["QUERY","CREATE","UPDATE"],"introduction":"111111"},"callers":["/Users/fr.he/GolandProjects/configuration-management/main.go: 50 main.init.0"],"level":"info","message":"[CreateUser] 用户已经存在","time":1700498586075407000}
2023/11/21 00:43:23 {"callers":["/Users/fr.he/GolandProjects/configuration-management/main.go: 50 main.init.0"],"level":"error","message":"create user failed错误码：10000008, 错误信息：数据已存在","req":{"username":"test","password":"123456","max_cnt":5,"permissions":["QUERY","CREATE","UPDATE"],"apps":["6f9ed54c324a429582e5c1b2fdc0ab1a"],"introduction":"111111"},"time":1700498603833157000,"userId":"3522aa7396dc408ab28ccf06c987b009"}
2023/11/21 00:44:13 {"callers":["/Users/fr.he/GolandProjects/configuration-management/main.go: 50 main.init.0"],"error:":{},"level":"error","message":"查询时记录不存在","time":1700498653993283000,"username":"test2"}
2023/11/21 00:44:13 {"callers":["/Users/fr.he/GolandProjects/configuration-management/main.go: 50 main.init.0"],"level":"error","message":"create user failedrecord not found","req":{"username":"test2","password":"123456","max_cnt":10,"permissions":["QUERY","CREATE","UPDATE_DELETED","UPDATE_LOCKED"],"apps":[],"introduction":""},"time":1700498653995214000,"userId":"3522aa7396dc408ab28ccf06c987b009"}
2023/11/21 00:44:42 {"callers":["/Users/fr.he/GolandProjects/configuration-management/main.go: 50 main.init.0"],"error:":{},"level":"error","message":"查询时记录不存在","time":1700498682464178000,"username":"test2"}
2023/11/21 00:44:42 {"callers":["/Users/fr.he/GolandProjects/configuration-management/main.go: 50 main.init.0"],"level":"error","message":"create user failedrecord not found","req":{"username":"test2","password":"123456","max_cnt":10,"permissions":["QUERY","CREATE","UPDATE_DELETED"],"apps":["6f9ed54c324a429582e5c1b2fdc0ab1a"],"introduction":""},"time":1700498682464343000,"userId":"3522aa7396dc408ab28ccf06c987b009"}
2023/11/21 00:45:16 {"callers":["/Users/fr.he/GolandProjects/configuration-management/main.go: 50 main.init.0"],"error:":{},"level":"error","message":"查询时记录不存在","time":1700498716844700000,"username":"test2"}
2023/11/21 00:46:25 {"callers":["/Users/fr.he/GolandProjects/configuration-management/main.go: 50 main.init.0"],"level":"error","message":"create user failedrecord not found","req":{"username":"test2","password":"123456","max_cnt":10,"permissions":["QUERY","CREATE","UPDATE_DELETED"],"apps":["6f9ed54c324a429582e5c1b2fdc0ab1a"],"introduction":""},"time":1700498785934041000,"userId":"3522aa7396dc408ab28ccf06c987b009"}
2023/11/21 00:46:41 {"callers":["/Users/fr.he/GolandProjects/configuration-management/main.go: 50 main.init.0"],"error:":{},"level":"error","message":"查询时记录不存在","time":1700498801736380000,"username":"test2"}
2023/11/21 00:47:36 {"callers":["/Users/fr.he/GolandProjects/configuration-management/main.go: 50 main.init.0"],"error:":{},"level":"error","message":"查询时记录不存在","time":1700498856087170000,"username":"test1"}
2023/11/21 00:47:36 {"callers":["/Users/fr.he/GolandProjects/configuration-management/main.go: 50 main.init.0"],"level":"error","message":"login failedrecord not found","request":{"username":"test1","password_md5":"e10adc3949ba59abbe56e057f20f883e"},"time":1700498856088810000}
2023/11/21 00:48:40 {"args":{"user_id":"99b453ed129a4f7088fb89d33691f589","user_name":"test","max_cnt":5,"minutes":0,"days":7,"time_type":"weekly","remark":"","count":5,"app_id":"6f9ed54c324a429582e5c1b2fdc0ab1a"},"callers":["/Users/fr.he/GolandProjects/configuration-management/main.go: 50 main.init.0"],"level":"error","message":"用户激活码数量超限","time":1700498920245764000}
2023/11/21 00:48:40 {"callers":["/Users/fr.he/GolandProjects/configuration-management/main.go: 50 main.init.0"],"error":{},"level":"error","message":"create card failed","time":1700498920246874000}
2023/11/21 00:48:47 {"args":{"user_id":"99b453ed129a4f7088fb89d33691f589","user_name":"test","max_cnt":5,"minutes":0,"days":7,"time_type":"weekly","remark":"","count":1,"app_id":"6f9ed54c324a429582e5c1b2fdc0ab1a"},"callers":["/Users/fr.he/GolandProjects/configuration-management/main.go: 50 main.init.0"],"level":"error","message":"用户激活码数量超限","time":1700498927765125000}
2023/11/21 00:48:47 {"callers":["/Users/fr.he/GolandProjects/configuration-management/main.go: 50 main.init.0"],"error":{},"level":"error","message":"create card failed","time":1700498927766908000}
2023/11/21 00:54:49 {"callers":["/Users/fr.he/GolandProjects/configuration-management/main.go: 50 main.init.0"],"level":"error","message":"login failed密码错误","request":{"username":"test","password_md5":"e10adc3949ba59abbe56e057f20f883e"},"time":1700499289380975000}
2024/01/17 21:49:38 {"callers":["/Users/fr.he/GolandProjects/configuration-management/main.go: 50 main.init.0"],"error:":{},"level":"error","message":"查询时记录不存在","time":1705499378128145000,"value":"11223344"}
2024/01/17 22:06:37 {"args":{"value":"hb52451JXBPMRYAAX4V2GW5P7DI77WK0SB","seid":""},"callers":["/Users/fr.he/GolandProjects/configuration-management/main.go: 50 main.init.0"],"level":"error","message":"激活码未绑定设备","time":1705500397694659000}
2024/01/17 22:10:00 {"args":{"value":"hb52451JXBPMRYAAX4V2GW5P7DI77WK0SB","seid":""},"callers":["/Users/fr.he/GolandProjects/configuration-management/main.go: 50 main.init.0"],"level":"error","message":"激活码未绑定设备","time":1705500600398529000}
2024/01/17 22:24:05 {"callers":["/Users/fr.he/GolandProjects/configuration-management/main.go: 50 main.init.0"],"error:":{},"level":"error","message":"查询时记录不存在","time":1705501445869148000,"value":"invalid-activation-code"}
